<?xml version="1.0" encoding="UTF-8"?>
<!-- Generated by org.testng.reporters.JUnitReportReporter -->
<testsuite hostname="Garima" failures="0" tests="1" name="Cucumber.TestNGTestRunner" time="0.467" errors="1" timestamp="2024-04-28T19:27:14 IST" skipped="0">
  <testcase classname="Cucumber.TestNGTestRunner" name="setUpClass" time="0.467">
    <error message="Failed to parse resource at: file:///C:/Users/garim/eclipse-workspace/SeleniumFrameworkDesign/src/test/java/Cucumber/SubmitOrder.feature
(2:3): expected: #TagLine, #FeatureLine, #Comment, #Empty, got &#039;Feature : Purchase the order from a Ecommerce Website&#039;
(3:3): expected: #TagLine, #FeatureLine, #Comment, #Empty, got &#039;I want to use this template for my feature file&#039;
(4:3): expected: #TagLine, #FeatureLine, #Comment, #Empty, got &#039;Background:&#039;
(5:3): expected: #TagLine, #FeatureLine, #Comment, #Empty, got &#039;Given I landed on the Ecommerce Page.&#039;
(7:3): expected: #TagLine, #FeatureLine, #Comment, #Empty, got &#039;Scenario Outline: Positive test of purchasing the order&#039;
(8:5): expected: #TagLine, #FeatureLine, #Comment, #Empty, got &#039;Given Logged in with username &lt;name&gt; and password &lt;password&gt;&#039;
(9:5): expected: #TagLine, #FeatureLine, #Comment, #Empty, got &#039;When  I add product &lt;productName&gt; to cart&#039;
(10:5): expected: #TagLine, #FeatureLine, #Comment, #Empty, got &#039;And   Checkout &lt;productName&gt; and submit the Order&#039;
(11:5): expected: #TagLine, #FeatureLine, #Comment, #Empty, got &#039;Then  &quot;THANKYOU FOR THE ORDER.&quot; message is displayed on the confirmation page&#039;
(13:5): expected: #TagLine, #FeatureLine, #Comment, #Empty, got &#039;Examples:&#039;
(14:7): expected: #TagLine, #FeatureLine, #Comment, #Empty, got &#039;| name  		 			| password | productName |&#039;" type="io.cucumber.core.gherkin.FeatureParserException">
      <![CDATA[io.cucumber.core.gherkin.FeatureParserException: Failed to parse resource at: file:///C:/Users/garim/eclipse-workspace/SeleniumFrameworkDesign/src/test/java/Cucumber/SubmitOrder.feature
(2:3): expected: #TagLine, #FeatureLine, #Comment, #Empty, got 'Feature : Purchase the order from a Ecommerce Website'
(3:3): expected: #TagLine, #FeatureLine, #Comment, #Empty, got 'I want to use this template for my feature file'
(4:3): expected: #TagLine, #FeatureLine, #Comment, #Empty, got 'Background:'
(5:3): expected: #TagLine, #FeatureLine, #Comment, #Empty, got 'Given I landed on the Ecommerce Page.'
(7:3): expected: #TagLine, #FeatureLine, #Comment, #Empty, got 'Scenario Outline: Positive test of purchasing the order'
(8:5): expected: #TagLine, #FeatureLine, #Comment, #Empty, got 'Given Logged in with username <name> and password <password>'
(9:5): expected: #TagLine, #FeatureLine, #Comment, #Empty, got 'When  I add product <productName> to cart'
(10:5): expected: #TagLine, #FeatureLine, #Comment, #Empty, got 'And   Checkout <productName> and submit the Order'
(11:5): expected: #TagLine, #FeatureLine, #Comment, #Empty, got 'Then  "THANKYOU FOR THE ORDER." message is displayed on the confirmation page'
(13:5): expected: #TagLine, #FeatureLine, #Comment, #Empty, got 'Examples:'
(14:7): expected: #TagLine, #FeatureLine, #Comment, #Empty, got '| name   | password | productName |'
at io.cucumber.core.gherkin.messages.GherkinMessagesFeatureParser.parse(GherkinMessagesFeatureParser.java:56)
at io.cucumber.core.feature.FeatureParser.parseResource(FeatureParser.java:46)
at java.base/java.util.function.BiFunction.lambda$andThen$0(BiFunction.java:70)
at io.cucumber.core.resource.ResourceScanner.lambda$processResource$1(ResourceScanner.java:79)
at io.cucumber.core.resource.PathScanner$ResourceFileVisitor.visitFile(PathScanner.java:75)
at io.cucumber.core.resource.PathScanner$ResourceFileVisitor.visitFile(PathScanner.java:60)
at java.base/java.nio.file.Files.walkFileTree(Files.java:2811)
at io.cucumber.core.resource.PathScanner.findResourcesForPath(PathScanner.java:53)
at io.cucumber.core.resource.PathScanner.findResourcesForUri(PathScanner.java:31)
at io.cucumber.core.resource.ResourceScanner.findResourcesForUri(ResourceScanner.java:61)
at io.cucumber.core.resource.ResourceScanner.scanForResourcesUri(ResourceScanner.java:134)
at io.cucumber.core.runtime.FeaturePathFeatureSupplier.loadFeatures(FeaturePathFeatureSupplier.java:62)
at io.cucumber.core.runtime.FeaturePathFeatureSupplier.get(FeaturePathFeatureSupplier.java:45)
at io.cucumber.testng.TestNGCucumberRunner.<init>(TestNGCucumberRunner.java:122)
at io.cucumber.testng.AbstractTestNGCucumberTests.setUpClass(AbstractTestNGCucumberTests.java:27)
at java.base/jdk.internal.reflect.NativeMethodAccessorImpl.invoke0(Native Method)
at java.base/jdk.internal.reflect.NativeMethodAccessorImpl.invoke(NativeMethodAccessorImpl.java:77)
at java.base/jdk.internal.reflect.DelegatingMethodAccessorImpl.invoke(DelegatingMethodAccessorImpl.java:43)
at java.base/java.lang.reflect.Method.invoke(Method.java:568)
at org.testng.internal.invokers.MethodInvocationHelper.invokeMethod(MethodInvocationHelper.java:139)
at org.testng.internal.invokers.MethodInvocationHelper.invokeMethodConsideringTimeout(MethodInvocationHelper.java:69)
at org.testng.internal.invokers.ConfigInvoker.invokeConfigurationMethod(ConfigInvoker.java:393)
at org.testng.internal.invokers.ConfigInvoker.invokeConfigurations(ConfigInvoker.java:326)
at org.testng.internal.invokers.TestMethodWorker.invokeBeforeClassMethods(TestMethodWorker.java:180)
at org.testng.internal.invokers.TestMethodWorker.run(TestMethodWorker.java:122)
at java.base/java.util.ArrayList.forEach(ArrayList.java:1511)
at org.testng.TestRunner.privateRun(TestRunner.java:819)
at org.testng.TestRunner.run(TestRunner.java:619)
at org.testng.SuiteRunner.runTest(SuiteRunner.java:443)
at org.testng.SuiteRunner.runSequentially(SuiteRunner.java:437)
at org.testng.SuiteRunner.privateRun(SuiteRunner.java:397)
at org.testng.SuiteRunner.run(SuiteRunner.java:336)
at org.testng.SuiteRunnerWorker.runSuite(SuiteRunnerWorker.java:52)
at org.testng.SuiteRunnerWorker.run(SuiteRunnerWorker.java:95)
at org.testng.TestNG.runSuitesSequentially(TestNG.java:1301)
at org.testng.TestNG.runSuitesLocally(TestNG.java:1228)
at org.testng.TestNG.runSuites(TestNG.java:1134)
at org.testng.TestNG.run(TestNG.java:1101)
at org.testng.remote.AbstractRemoteTestNG.run(AbstractRemoteTestNG.java:115)
at org.testng.remote.RemoteTestNG.initAndRun(RemoteTestNG.java:251)
at org.testng.remote.RemoteTestNG.main(RemoteTestNG.java:77)
]]>
    </error>
  </testcase> <!-- setUpClass -->
</testsuite> <!-- Cucumber.TestNGTestRunner -->
